<?xml version="1.0" encoding="UTF-8"?>
<!-- Generated by org.testng.reporters.JUnitXMLReporter -->
<testsuite hostname="Chetans-MacBook-Pro.local" name="Navigation" tests="5" failures="0" timestamp="9 Feb 2017 23:25:33 GMT" time="27.236" errors="0">
  <testcase name="test_Navigation" time="0.076" classname="com.insureon.interview.tests.PF_TestInsureonCompanyHistory"/>
  <testcase name="test_Home_Page_Appear_Correct" time="0.084" classname="com.insureon.interview.tests.PF_TestInsureonHomePage"/>
  <testcase name="test_Home_Page_Appear_Correct" time="0.773" classname="com.insureon.interview.tests.TestInsureonHomePage"/>
  <testcase name="test_Navigation_url" time="0.036" classname="com.insureon.interview.tests.TestInsureonCompanyHistory"/>
  <testcase name="test_navigation_title" time="0.017" classname="com.insureon.interview.tests.TestInsureonCompanyHistory"/>
</testsuite> <!-- Navigation -->
